<?xml version="1.0" ?>
<coverage version="7.10.5" timestamp="1756151738618" lines-valid="1324" lines-covered="1273" line-rate="0.9615" branches-valid="336" branches-covered="300" branch-rate="0.8929" complexity="0">
	<!-- Generated by coverage.py: https://coverage.readthedocs.io/en/7.10.5 -->
	<!-- Based on https://raw.githubusercontent.com/cobertura/web/master/htdocs/xml/coverage-04.dtd -->
	<sources>
		<source>C:\Users\Tharu\Desktop\DevRev\mcp-server</source>
	</sources>
	<packages>
		<package name="src.devrev_mcp" line-rate="0.9531" branch-rate="0.8981" complexity="0">
			<classes>
				<class name="__init__.py" filename="src/devrev_mcp/__init__.py" complexity="0" line-rate="0.8" branch-rate="1">
					<methods/>
					<lines>
						<line number="8" hits="1"/>
						<line number="9" hits="1"/>
						<line number="11" hits="1"/>
						<line number="13" hits="0"/>
						<line number="16" hits="1"/>
					</lines>
				</class>
				<class name="server.py" filename="src/devrev_mcp/server.py" complexity="0" line-rate="0.9553" branch-rate="0.9">
					<methods/>
					<lines>
						<line number="8" hits="1"/>
						<line number="9" hits="1"/>
						<line number="10" hits="1"/>
						<line number="12" hits="1"/>
						<line number="13" hits="1"/>
						<line number="14" hits="1"/>
						<line number="15" hits="1"/>
						<line number="16" hits="1"/>
						<line number="17" hits="1"/>
						<line number="19" hits="1"/>
						<line number="21" hits="1"/>
						<line number="22" hits="1"/>
						<line number="27" hits="0"/>
						<line number="474" hits="1"/>
						<line number="475" hits="1"/>
						<line number="482" hits="1" branch="true" condition-coverage="100% (2/2)"/>
						<line number="483" hits="1"/>
						<line number="488" hits="1" branch="true" condition-coverage="50% (1/2)" missing-branches="497"/>
						<line number="489" hits="1"/>
						<line number="490" hits="1"/>
						<line number="497" hits="0"/>
						<line number="504" hits="1" branch="true" condition-coverage="100% (2/2)"/>
						<line number="505" hits="1" branch="true" condition-coverage="100% (2/2)"/>
						<line number="506" hits="1"/>
						<line number="508" hits="1"/>
						<line number="509" hits="1" branch="true" condition-coverage="50% (1/2)" missing-branches="510"/>
						<line number="510" hits="0"/>
						<line number="512" hits="1"/>
						<line number="519" hits="1" branch="true" condition-coverage="50% (1/2)" missing-branches="528"/>
						<line number="520" hits="1"/>
						<line number="521" hits="1"/>
						<line number="528" hits="0"/>
						<line number="536" hits="1" branch="true" condition-coverage="100% (2/2)"/>
						<line number="537" hits="1" branch="true" condition-coverage="100% (2/2)"/>
						<line number="538" hits="1"/>
						<line number="540" hits="1"/>
						<line number="541" hits="1" branch="true" condition-coverage="100% (2/2)"/>
						<line number="542" hits="1"/>
						<line number="544" hits="1"/>
						<line number="545" hits="1" branch="true" condition-coverage="100% (2/2)"/>
						<line number="546" hits="1"/>
						<line number="548" hits="1"/>
						<line number="555" hits="1" branch="true" condition-coverage="100% (2/2)"/>
						<line number="556" hits="1"/>
						<line number="557" hits="1"/>
						<line number="564" hits="1"/>
						<line number="565" hits="1"/>
						<line number="571" hits="1" branch="true" condition-coverage="100% (2/2)"/>
						<line number="572" hits="1" branch="true" condition-coverage="100% (2/2)"/>
						<line number="573" hits="1"/>
						<line number="575" hits="1"/>
						<line number="576" hits="1" branch="true" condition-coverage="50% (1/2)" missing-branches="577"/>
						<line number="577" hits="0"/>
						<line number="579" hits="1"/>
						<line number="585" hits="1" branch="true" condition-coverage="100% (2/2)"/>
						<line number="586" hits="1"/>
						<line number="587" hits="1"/>
						<line number="594" hits="1"/>
						<line number="600" hits="1" branch="true" condition-coverage="100% (2/2)"/>
						<line number="601" hits="1" branch="true" condition-coverage="100% (2/2)"/>
						<line number="602" hits="1"/>
						<line number="604" hits="1"/>
						<line number="605" hits="1" branch="true" condition-coverage="100% (2/2)"/>
						<line number="606" hits="1"/>
						<line number="608" hits="1"/>
						<line number="609" hits="1" branch="true" condition-coverage="100% (2/2)"/>
						<line number="610" hits="1"/>
						<line number="612" hits="1"/>
						<line number="613" hits="1" branch="true" condition-coverage="100% (2/2)"/>
						<line number="614" hits="1"/>
						<line number="616" hits="1"/>
						<line number="617" hits="1"/>
						<line number="619" hits="1"/>
						<line number="629" hits="1" branch="true" condition-coverage="100% (2/2)"/>
						<line number="630" hits="1"/>
						<line number="631" hits="1"/>
						<line number="638" hits="1"/>
						<line number="639" hits="1"/>
						<line number="640" hits="1"/>
						<line number="641" hits="1"/>
						<line number="642" hits="1"/>
						<line number="649" hits="1" branch="true" condition-coverage="100% (2/2)"/>
						<line number="650" hits="1" branch="true" condition-coverage="100% (2/2)"/>
						<line number="651" hits="1"/>
						<line number="653" hits="1"/>
						<line number="655" hits="1"/>
						<line number="656" hits="1" branch="true" condition-coverage="100% (2/2)"/>
						<line number="657" hits="1"/>
						<line number="658" hits="1"/>
						<line number="660" hits="1"/>
						<line number="661" hits="1" branch="true" condition-coverage="100% (2/2)"/>
						<line number="662" hits="1"/>
						<line number="663" hits="1"/>
						<line number="665" hits="1"/>
						<line number="666" hits="1" branch="true" condition-coverage="100% (2/2)"/>
						<line number="667" hits="1"/>
						<line number="669" hits="1"/>
						<line number="670" hits="1" branch="true" condition-coverage="100% (2/2)"/>
						<line number="671" hits="1"/>
						<line number="673" hits="1"/>
						<line number="674" hits="1" branch="true" condition-coverage="100% (2/2)"/>
						<line number="675" hits="1"/>
						<line number="677" hits="1"/>
						<line number="678" hits="1" branch="true" condition-coverage="100% (2/2)"/>
						<line number="679" hits="1"/>
						<line number="681" hits="1"/>
						<line number="682" hits="1" branch="true" condition-coverage="100% (2/2)"/>
						<line number="683" hits="1"/>
						<line number="685" hits="1"/>
						<line number="686" hits="1" branch="true" condition-coverage="100% (2/2)"/>
						<line number="687" hits="1"/>
						<line number="689" hits="1"/>
						<line number="690" hits="1" branch="true" condition-coverage="100% (2/2)"/>
						<line number="691" hits="1"/>
						<line number="693" hits="1"/>
						<line number="694" hits="1" branch="true" condition-coverage="100% (2/2)"/>
						<line number="695" hits="1" branch="true" condition-coverage="100% (2/2)"/>
						<line number="696" hits="1"/>
						<line number="699" hits="1"/>
						<line number="702" hits="1"/>
						<line number="707" hits="1" branch="true" condition-coverage="100% (2/2)"/>
						<line number="708" hits="1"/>
						<line number="709" hits="1"/>
						<line number="716" hits="1"/>
						<line number="722" hits="1" branch="true" condition-coverage="100% (2/2)"/>
						<line number="723" hits="1"/>
						<line number="724" hits="1"/>
						<line number="725" hits="1"/>
						<line number="727" hits="1"/>
						<line number="728" hits="1" branch="true" condition-coverage="100% (2/2)"/>
						<line number="729" hits="1"/>
						<line number="730" hits="1"/>
						<line number="732" hits="1"/>
						<line number="733" hits="1" branch="true" condition-coverage="100% (2/2)"/>
						<line number="734" hits="1"/>
						<line number="735" hits="1"/>
						<line number="737" hits="1"/>
						<line number="738" hits="1" branch="true" condition-coverage="100% (2/2)"/>
						<line number="739" hits="1"/>
						<line number="741" hits="1"/>
						<line number="742" hits="1" branch="true" condition-coverage="100% (2/2)"/>
						<line number="743" hits="1"/>
						<line number="745" hits="1"/>
						<line number="746" hits="1" branch="true" condition-coverage="100% (2/2)"/>
						<line number="747" hits="1"/>
						<line number="749" hits="1"/>
						<line number="750" hits="1" branch="true" condition-coverage="100% (2/2)"/>
						<line number="751" hits="1"/>
						<line number="753" hits="1"/>
						<line number="754" hits="1" branch="true" condition-coverage="100% (2/2)"/>
						<line number="755" hits="1"/>
						<line number="757" hits="1"/>
						<line number="758" hits="1" branch="true" condition-coverage="100% (2/2)"/>
						<line number="759" hits="1"/>
						<line number="760" hits="1" branch="true" condition-coverage="100% (2/2)"/>
						<line number="761" hits="1"/>
						<line number="764" hits="1"/>
						<line number="765" hits="1" branch="true" condition-coverage="100% (2/2)"/>
						<line number="766" hits="1"/>
						<line number="769" hits="1"/>
						<line number="770" hits="1" branch="true" condition-coverage="100% (2/2)"/>
						<line number="771" hits="1"/>
						<line number="773" hits="1"/>
						<line number="774" hits="1" branch="true" condition-coverage="100% (2/2)"/>
						<line number="775" hits="1" branch="true" condition-coverage="50% (1/2)" missing-branches="778"/>
						<line number="776" hits="1"/>
						<line number="778" hits="1" branch="true" condition-coverage="50% (1/2)" missing-branches="781"/>
						<line number="779" hits="1"/>
						<line number="781" hits="1"/>
						<line number="782" hits="1" branch="true" condition-coverage="100% (2/2)"/>
						<line number="783" hits="1" branch="true" condition-coverage="50% (1/2)" missing-branches="786"/>
						<line number="784" hits="1"/>
						<line number="786" hits="1" branch="true" condition-coverage="50% (1/2)" missing-branches="789"/>
						<line number="787" hits="1"/>
						<line number="789" hits="1"/>
						<line number="790" hits="1" branch="true" condition-coverage="100% (2/2)"/>
						<line number="791" hits="1"/>
						<line number="794" hits="1"/>
						<line number="795" hits="1" branch="true" condition-coverage="100% (2/2)"/>
						<line number="796" hits="1" branch="true" condition-coverage="50% (1/2)" missing-branches="800"/>
						<line number="797" hits="1"/>
						<line number="800" hits="1"/>
						<line number="801" hits="1" branch="true" condition-coverage="100% (2/2)"/>
						<line number="802" hits="1"/>
						<line number="805" hits="1"/>
						<line number="806" hits="1" branch="true" condition-coverage="100% (2/2)"/>
						<line number="807" hits="1" branch="true" condition-coverage="50% (1/2)" missing-branches="811"/>
						<line number="808" hits="1"/>
						<line number="811" hits="1"/>
						<line number="812" hits="1" branch="true" condition-coverage="100% (2/2)"/>
						<line number="813" hits="1"/>
						<line number="816" hits="1"/>
						<line number="817" hits="1" branch="true" condition-coverage="100% (2/2)"/>
						<line number="818" hits="1"/>
						<line number="821" hits="1"/>
						<line number="822" hits="1" branch="true" condition-coverage="100% (2/2)"/>
						<line number="823" hits="1"/>
						<line number="825" hits="1" branch="true" condition-coverage="100% (2/2)"/>
						<line number="826" hits="1"/>
						<line number="828" hits="1" branch="true" condition-coverage="100% (2/2)"/>
						<line number="829" hits="1"/>
						<line number="831" hits="1"/>
						<line number="836" hits="1" branch="true" condition-coverage="100% (2/2)"/>
						<line number="837" hits="1"/>
						<line number="838" hits="1"/>
						<line number="844" hits="1"/>
						<line number="850" hits="1" branch="true" condition-coverage="100% (2/2)"/>
						<line number="851" hits="1" branch="true" condition-coverage="100% (2/2)"/>
						<line number="852" hits="1"/>
						<line number="854" hits="1"/>
						<line number="855" hits="1" branch="true" condition-coverage="50% (1/2)" missing-branches="856"/>
						<line number="856" hits="0"/>
						<line number="858" hits="1"/>
						<line number="865" hits="1" branch="true" condition-coverage="100% (2/2)"/>
						<line number="866" hits="1"/>
						<line number="867" hits="1"/>
						<line number="874" hits="1"/>
						<line number="880" hits="1" branch="true" condition-coverage="100% (2/2)"/>
						<line number="881" hits="1" branch="true" condition-coverage="100% (2/2)"/>
						<line number="882" hits="1"/>
						<line number="884" hits="1"/>
						<line number="886" hits="1"/>
						<line number="887" hits="1" branch="true" condition-coverage="100% (2/2)"/>
						<line number="888" hits="1"/>
						<line number="889" hits="1"/>
						<line number="891" hits="1"/>
						<line number="892" hits="1" branch="true" condition-coverage="100% (2/2)"/>
						<line number="893" hits="1"/>
						<line number="894" hits="1"/>
						<line number="896" hits="1"/>
						<line number="897" hits="1" branch="true" condition-coverage="100% (2/2)"/>
						<line number="898" hits="1"/>
						<line number="899" hits="1"/>
						<line number="901" hits="1"/>
						<line number="902" hits="1" branch="true" condition-coverage="100% (2/2)"/>
						<line number="903" hits="1"/>
						<line number="904" hits="1"/>
						<line number="906" hits="1"/>
						<line number="907" hits="1" branch="true" condition-coverage="100% (2/2)"/>
						<line number="908" hits="1"/>
						<line number="910" hits="1"/>
						<line number="915" hits="1" branch="true" condition-coverage="100% (2/2)"/>
						<line number="916" hits="1"/>
						<line number="917" hits="1"/>
						<line number="924" hits="1"/>
						<line number="930" hits="1" branch="true" condition-coverage="100% (2/2)"/>
						<line number="931" hits="1" branch="true" condition-coverage="100% (2/2)"/>
						<line number="932" hits="1"/>
						<line number="934" hits="1"/>
						<line number="936" hits="1"/>
						<line number="937" hits="1" branch="true" condition-coverage="100% (2/2)"/>
						<line number="938" hits="1"/>
						<line number="939" hits="1"/>
						<line number="941" hits="1"/>
						<line number="942" hits="1" branch="true" condition-coverage="100% (2/2)"/>
						<line number="943" hits="1"/>
						<line number="944" hits="1"/>
						<line number="946" hits="1"/>
						<line number="947" hits="1" branch="true" condition-coverage="100% (2/2)"/>
						<line number="948" hits="1"/>
						<line number="950" hits="1"/>
						<line number="951" hits="1" branch="true" condition-coverage="100% (2/2)"/>
						<line number="952" hits="1"/>
						<line number="954" hits="1"/>
						<line number="955" hits="1" branch="true" condition-coverage="100% (2/2)"/>
						<line number="956" hits="1"/>
						<line number="958" hits="1"/>
						<line number="959" hits="1" branch="true" condition-coverage="100% (2/2)"/>
						<line number="960" hits="1"/>
						<line number="962" hits="1"/>
						<line number="963" hits="1" branch="true" condition-coverage="100% (2/2)"/>
						<line number="964" hits="1"/>
						<line number="966" hits="1"/>
						<line number="967" hits="1" branch="true" condition-coverage="100% (2/2)"/>
						<line number="968" hits="1"/>
						<line number="970" hits="1"/>
						<line number="975" hits="1" branch="true" condition-coverage="100% (2/2)"/>
						<line number="976" hits="1"/>
						<line number="977" hits="1"/>
						<line number="984" hits="1"/>
						<line number="990" hits="1" branch="true" condition-coverage="100% (2/2)"/>
						<line number="991" hits="1" branch="true" condition-coverage="100% (2/2)"/>
						<line number="992" hits="1"/>
						<line number="994" hits="1"/>
						<line number="995" hits="1"/>
						<line number="997" hits="1"/>
						<line number="998" hits="1" branch="true" condition-coverage="50% (1/2)" missing-branches="999"/>
						<line number="999" hits="0"/>
						<line number="1000" hits="1"/>
						<line number="1002" hits="1"/>
						<line number="1003" hits="1" branch="true" condition-coverage="100% (2/2)"/>
						<line number="1004" hits="1"/>
						<line number="1005" hits="1"/>
						<line number="1007" hits="1"/>
						<line number="1008" hits="1" branch="true" condition-coverage="100% (2/2)"/>
						<line number="1009" hits="1"/>
						<line number="1011" hits="1"/>
						<line number="1012" hits="1" branch="true" condition-coverage="100% (2/2)"/>
						<line number="1013" hits="1"/>
						<line number="1015" hits="1"/>
						<line number="1016" hits="1" branch="true" condition-coverage="100% (2/2)"/>
						<line number="1017" hits="1"/>
						<line number="1019" hits="1"/>
						<line number="1020" hits="1" branch="true" condition-coverage="100% (2/2)"/>
						<line number="1021" hits="1"/>
						<line number="1023" hits="1"/>
						<line number="1024" hits="1" branch="true" condition-coverage="100% (2/2)"/>
						<line number="1025" hits="1"/>
						<line number="1027" hits="1"/>
						<line number="1028" hits="1" branch="true" condition-coverage="100% (2/2)"/>
						<line number="1029" hits="1" branch="true" condition-coverage="50% (1/2)" missing-branches="1032"/>
						<line number="1030" hits="1"/>
						<line number="1032" hits="1"/>
						<line number="1033" hits="1" branch="true" condition-coverage="100% (2/2)"/>
						<line number="1034" hits="1" branch="true" condition-coverage="50% (1/2)" missing-branches="1038"/>
						<line number="1035" hits="1"/>
						<line number="1038" hits="1"/>
						<line number="1039" hits="1" branch="true" condition-coverage="100% (2/2)"/>
						<line number="1040" hits="1" branch="true" condition-coverage="50% (1/2)" missing-branches="1044"/>
						<line number="1041" hits="1"/>
						<line number="1044" hits="1"/>
						<line number="1045" hits="1" branch="true" condition-coverage="100% (2/2)"/>
						<line number="1046" hits="1" branch="true" condition-coverage="50% (1/2)" missing-branches="1050"/>
						<line number="1047" hits="1"/>
						<line number="1050" hits="1"/>
						<line number="1051" hits="1" branch="true" condition-coverage="100% (2/2)"/>
						<line number="1052" hits="1" branch="true" condition-coverage="50% (1/2)" missing-branches="1056"/>
						<line number="1053" hits="1"/>
						<line number="1056" hits="1" branch="true" condition-coverage="100% (2/2)"/>
						<line number="1057" hits="1"/>
						<line number="1059" hits="1"/>
						<line number="1064" hits="1" branch="true" condition-coverage="100% (2/2)"/>
						<line number="1065" hits="1"/>
						<line number="1066" hits="1"/>
						<line number="1073" hits="1"/>
						<line number="1079" hits="1" branch="true" condition-coverage="100% (2/2)"/>
						<line number="1080" hits="1" branch="true" condition-coverage="100% (2/2)"/>
						<line number="1081" hits="1"/>
						<line number="1083" hits="1"/>
						<line number="1085" hits="1"/>
						<line number="1086" hits="1" branch="true" condition-coverage="100% (2/2)"/>
						<line number="1087" hits="1"/>
						<line number="1089" hits="1"/>
						<line number="1090" hits="1" branch="true" condition-coverage="100% (2/2)"/>
						<line number="1091" hits="1"/>
						<line number="1093" hits="1"/>
						<line number="1094" hits="1" branch="true" condition-coverage="100% (2/2)"/>
						<line number="1095" hits="1"/>
						<line number="1098" hits="1"/>
						<line number="1099" hits="1" branch="true" condition-coverage="100% (2/2)"/>
						<line number="1100" hits="1"/>
						<line number="1101" hits="1"/>
						<line number="1103" hits="1"/>
						<line number="1104" hits="1" branch="true" condition-coverage="100% (2/2)"/>
						<line number="1105" hits="1"/>
						<line number="1108" hits="1"/>
						<line number="1109" hits="1" branch="true" condition-coverage="100% (2/2)"/>
						<line number="1110" hits="1"/>
						<line number="1112" hits="1"/>
						<line number="1113" hits="1" branch="true" condition-coverage="100% (2/2)"/>
						<line number="1114" hits="1"/>
						<line number="1116" hits="1"/>
						<line number="1117" hits="1" branch="true" condition-coverage="100% (2/2)"/>
						<line number="1118" hits="1"/>
						<line number="1120" hits="1"/>
						<line number="1121" hits="1" branch="true" condition-coverage="100% (2/2)"/>
						<line number="1122" hits="1"/>
						<line number="1125" hits="1"/>
						<line number="1126" hits="1" branch="true" condition-coverage="100% (2/2)"/>
						<line number="1127" hits="1"/>
						<line number="1129" hits="1"/>
						<line number="1130" hits="1" branch="true" condition-coverage="100% (2/2)"/>
						<line number="1131" hits="1"/>
						<line number="1134" hits="1"/>
						<line number="1135" hits="1" branch="true" condition-coverage="100% (2/2)"/>
						<line number="1136" hits="1"/>
						<line number="1138" hits="1"/>
						<line number="1139" hits="1" branch="true" condition-coverage="100% (2/2)"/>
						<line number="1140" hits="1"/>
						<line number="1142" hits="1"/>
						<line number="1147" hits="1" branch="true" condition-coverage="100% (2/2)"/>
						<line number="1148" hits="1"/>
						<line number="1149" hits="1"/>
						<line number="1156" hits="1"/>
						<line number="1162" hits="1" branch="true" condition-coverage="100% (2/2)"/>
						<line number="1163" hits="1" branch="true" condition-coverage="50% (1/2)" missing-branches="1164"/>
						<line number="1164" hits="0"/>
						<line number="1166" hits="1"/>
						<line number="1168" hits="1"/>
						<line number="1169" hits="1" branch="true" condition-coverage="100% (2/2)"/>
						<line number="1170" hits="1"/>
						<line number="1171" hits="1"/>
						<line number="1173" hits="1"/>
						<line number="1174" hits="1" branch="true" condition-coverage="100% (2/2)"/>
						<line number="1175" hits="1"/>
						<line number="1176" hits="1"/>
						<line number="1178" hits="1"/>
						<line number="1179" hits="1"/>
						<line number="1180" hits="1"/>
						<line number="1182" hits="1" branch="true" condition-coverage="100% (2/2)"/>
						<line number="1183" hits="1"/>
						<line number="1190" hits="1" branch="true" condition-coverage="100% (2/2)"/>
						<line number="1191" hits="1"/>
						<line number="1192" hits="1"/>
						<line number="1199" hits="1"/>
						<line number="1201" hits="1"/>
						<line number="1202" hits="1"/>
						<line number="1204" hits="1" branch="true" condition-coverage="50% (1/2)" missing-branches="1205"/>
						<line number="1205" hits="0"/>
						<line number="1212" hits="0" branch="true" condition-coverage="0% (0/2)" missing-branches="1213,1221"/>
						<line number="1213" hits="0"/>
						<line number="1214" hits="0"/>
						<line number="1221" hits="0"/>
						<line number="1223" hits="0"/>
						<line number="1224" hits="0"/>
						<line number="1226" hits="1"/>
						<line number="1228" hits="1" branch="true" condition-coverage="50% (1/2)" missing-branches="1229"/>
						<line number="1229" hits="0"/>
						<line number="1231" hits="1"/>
						<line number="1232" hits="1" branch="true" condition-coverage="50% (1/2)" missing-branches="1234"/>
						<line number="1233" hits="1"/>
						<line number="1234" hits="1" branch="true" condition-coverage="50% (1/2)" missing-branches="1237"/>
						<line number="1235" hits="1"/>
						<line number="1237" hits="1"/>
						<line number="1242" hits="1" branch="true" condition-coverage="100% (2/2)"/>
						<line number="1243" hits="1"/>
						<line number="1244" hits="1"/>
						<line number="1251" hits="1"/>
						<line number="1253" hits="1" branch="true" condition-coverage="50% (1/2)" missing-branches="1254"/>
						<line number="1254" hits="0"/>
						<line number="1256" hits="1"/>
						<line number="1261" hits="1" branch="true" condition-coverage="100% (2/2)"/>
						<line number="1262" hits="1"/>
						<line number="1263" hits="1"/>
						<line number="1270" hits="1"/>
						<line number="1272" hits="1" branch="true" condition-coverage="100% (2/2)"/>
						<line number="1273" hits="1" branch="true" condition-coverage="100% (2/2)"/>
						<line number="1274" hits="1"/>
						<line number="1275" hits="1"/>
						<line number="1282" hits="1"/>
						<line number="1288" hits="1" branch="true" condition-coverage="100% (2/2)"/>
						<line number="1289" hits="1" branch="true" condition-coverage="100% (2/2)"/>
						<line number="1290" hits="1"/>
						<line number="1292" hits="1"/>
						<line number="1294" hits="1"/>
						<line number="1295" hits="1" branch="true" condition-coverage="100% (2/2)"/>
						<line number="1296" hits="1"/>
						<line number="1297" hits="1"/>
						<line number="1299" hits="1"/>
						<line number="1300" hits="1" branch="true" condition-coverage="100% (2/2)"/>
						<line number="1301" hits="1"/>
						<line number="1302" hits="1"/>
						<line number="1304" hits="1"/>
						<line number="1308" hits="1" branch="true" condition-coverage="100% (2/2)"/>
						<line number="1309" hits="1"/>
						<line number="1310" hits="1"/>
						<line number="1317" hits="1"/>
						<line number="1323" hits="1" branch="true" condition-coverage="100% (2/2)"/>
						<line number="1324" hits="1" branch="true" condition-coverage="50% (1/2)" missing-branches="1325"/>
						<line number="1325" hits="0"/>
						<line number="1327" hits="1"/>
						<line number="1329" hits="1"/>
						<line number="1330" hits="1" branch="true" condition-coverage="50% (1/2)" missing-branches="1331"/>
						<line number="1331" hits="0"/>
						<line number="1332" hits="1"/>
						<line number="1334" hits="1"/>
						<line number="1335" hits="1" branch="true" condition-coverage="50% (1/2)" missing-branches="1337"/>
						<line number="1336" hits="1"/>
						<line number="1337" hits="1"/>
						<line number="1339" hits="1"/>
						<line number="1343" hits="1" branch="true" condition-coverage="100% (2/2)"/>
						<line number="1344" hits="1"/>
						<line number="1345" hits="1"/>
						<line number="1352" hits="1"/>
						<line number="1353" hits="1"/>
						<line number="1359" hits="1" branch="true" condition-coverage="100% (2/2)"/>
						<line number="1360" hits="1" branch="true" condition-coverage="50% (1/2)" missing-branches="1361"/>
						<line number="1361" hits="0"/>
						<line number="1363" hits="1"/>
						<line number="1365" hits="1"/>
						<line number="1366" hits="1" branch="true" condition-coverage="50% (1/2)" missing-branches="1367"/>
						<line number="1367" hits="0"/>
						<line number="1368" hits="1"/>
						<line number="1370" hits="1"/>
						<line number="1375" hits="1" branch="true" condition-coverage="50% (1/2)" missing-branches="1384"/>
						<line number="1376" hits="1"/>
						<line number="1377" hits="1"/>
						<line number="1384" hits="0"/>
						<line number="1391" hits="1"/>
						<line number="1394" hits="1"/>
						<line number="1396" hits="1"/>
						<line number="1397" hits="1"/>
					</lines>
				</class>
				<class name="utils.py" filename="src/devrev_mcp/utils.py" complexity="0" line-rate="0.9333" branch-rate="0.75">
					<methods/>
					<lines>
						<line number="8" hits="1"/>
						<line number="9" hits="1"/>
						<line number="10" hits="1"/>
						<line number="12" hits="1"/>
						<line number="26" hits="1"/>
						<line number="27" hits="1" branch="true" condition-coverage="100% (2/2)"/>
						<line number="28" hits="1"/>
						<line number="30" hits="1"/>
						<line number="35" hits="1"/>
						<line number="41" hits="1"/>
						<line number="55" hits="1"/>
						<line number="56" hits="1" branch="true" condition-coverage="50% (1/2)" missing-branches="57"/>
						<line number="57" hits="0"/>
						<line number="59" hits="1"/>
						<line number="64" hits="1"/>
					</lines>
				</class>
			</classes>
		</package>
		<package name="tests.unit" line-rate="0.9667" branch-rate="0.8182" complexity="0">
			<classes>
				<class name="test_init_import.py" filename="tests/unit/test_init_import.py" complexity="0" line-rate="1" branch-rate="1">
					<methods/>
					<lines>
						<line number="1" hits="1"/>
						<line number="3" hits="1"/>
						<line number="4" hits="1"/>
					</lines>
				</class>
				<class name="test_server.py" filename="tests/unit/test_server.py" complexity="0" line-rate="1" branch-rate="1">
					<methods/>
					<lines>
						<line number="1" hits="1"/>
						<line number="2" hits="1"/>
						<line number="3" hits="1"/>
						<line number="6" hits="1"/>
						<line number="7" hits="1"/>
						<line number="8" hits="1"/>
						<line number="11" hits="1"/>
						<line number="12" hits="1"/>
						<line number="13" hits="1"/>
						<line number="14" hits="1"/>
						<line number="20" hits="1"/>
						<line number="24" hits="1"/>
						<line number="27" hits="1"/>
						<line number="28" hits="1"/>
						<line number="29" hits="1"/>
						<line number="30" hits="1"/>
						<line number="36" hits="1"/>
						<line number="40" hits="1"/>
						<line number="43" hits="1"/>
						<line number="44" hits="1"/>
						<line number="45" hits="1"/>
						<line number="46" hits="1"/>
						<line number="47" hits="1"/>
						<line number="50" hits="1"/>
						<line number="51" hits="1"/>
						<line number="52" hits="1"/>
						<line number="53" hits="1"/>
						<line number="54" hits="1"/>
						<line number="57" hits="1"/>
						<line number="58" hits="1"/>
						<line number="59" hits="1"/>
						<line number="60" hits="1"/>
						<line number="61" hits="1"/>
					</lines>
				</class>
				<class name="test_server_add_comment.py" filename="tests/unit/test_server_add_comment.py" complexity="0" line-rate="1" branch-rate="1">
					<methods/>
					<lines/>
				</class>
				<class name="test_server_add_timeline_entry.py" filename="tests/unit/test_server_add_timeline_entry.py" complexity="0" line-rate="1" branch-rate="1">
					<methods/>
					<lines>
						<line number="1" hits="1"/>
						<line number="2" hits="1"/>
						<line number="3" hits="1"/>
						<line number="6" hits="1"/>
						<line number="7" hits="1"/>
						<line number="8" hits="1"/>
						<line number="11" hits="1"/>
						<line number="12" hits="1"/>
						<line number="13" hits="1"/>
						<line number="14" hits="1"/>
						<line number="20" hits="1"/>
						<line number="24" hits="1"/>
						<line number="27" hits="1"/>
						<line number="28" hits="1"/>
						<line number="29" hits="1"/>
						<line number="30" hits="1"/>
						<line number="36" hits="1"/>
						<line number="40" hits="1"/>
						<line number="44" hits="1"/>
						<line number="45" hits="1"/>
						<line number="46" hits="1"/>
						<line number="47" hits="1"/>
						<line number="48" hits="1"/>
						<line number="51" hits="1"/>
						<line number="52" hits="1"/>
						<line number="53" hits="1"/>
						<line number="54" hits="1"/>
						<line number="55" hits="1"/>
						<line number="58" hits="1"/>
						<line number="59" hits="1"/>
						<line number="60" hits="1"/>
						<line number="61" hits="1"/>
						<line number="62" hits="1"/>
					</lines>
				</class>
				<class name="test_server_create_part.py" filename="tests/unit/test_server_create_part.py" complexity="0" line-rate="1" branch-rate="1">
					<methods/>
					<lines>
						<line number="1" hits="1"/>
						<line number="2" hits="1"/>
						<line number="3" hits="1"/>
						<line number="6" hits="1"/>
						<line number="7" hits="1"/>
						<line number="8" hits="1"/>
						<line number="11" hits="1"/>
						<line number="12" hits="1"/>
						<line number="13" hits="1"/>
						<line number="14" hits="1"/>
						<line number="20" hits="1"/>
						<line number="30" hits="1"/>
						<line number="33" hits="1"/>
						<line number="34" hits="1"/>
						<line number="35" hits="1"/>
						<line number="36" hits="1"/>
						<line number="42" hits="1"/>
						<line number="52" hits="1"/>
						<line number="55" hits="1"/>
						<line number="56" hits="1"/>
						<line number="57" hits="1"/>
						<line number="58" hits="1"/>
						<line number="59" hits="1"/>
						<line number="62" hits="1"/>
						<line number="63" hits="1"/>
						<line number="64" hits="1"/>
						<line number="65" hits="1"/>
						<line number="66" hits="1"/>
						<line number="69" hits="1"/>
						<line number="70" hits="1"/>
						<line number="71" hits="1"/>
						<line number="72" hits="1"/>
						<line number="73" hits="1"/>
						<line number="76" hits="1"/>
						<line number="77" hits="1"/>
						<line number="78" hits="1"/>
						<line number="79" hits="1"/>
						<line number="80" hits="1"/>
						<line number="83" hits="1"/>
						<line number="84" hits="1"/>
						<line number="85" hits="1"/>
						<line number="86" hits="1"/>
						<line number="87" hits="1"/>
					</lines>
				</class>
				<class name="test_server_create_work.py" filename="tests/unit/test_server_create_work.py" complexity="0" line-rate="1" branch-rate="1">
					<methods/>
					<lines>
						<line number="1" hits="1"/>
						<line number="2" hits="1"/>
						<line number="3" hits="1"/>
						<line number="4" hits="1"/>
						<line number="7" hits="1"/>
						<line number="8" hits="1"/>
						<line number="9" hits="1"/>
						<line number="12" hits="1"/>
						<line number="13" hits="1"/>
						<line number="14" hits="1"/>
						<line number="15" hits="1"/>
						<line number="21" hits="1"/>
						<line number="31" hits="1"/>
						<line number="34" hits="1"/>
						<line number="35" hits="1"/>
						<line number="36" hits="1"/>
						<line number="37" hits="1"/>
						<line number="43" hits="1"/>
						<line number="53" hits="1"/>
						<line number="56" hits="1"/>
						<line number="57" hits="1"/>
						<line number="58" hits="1"/>
						<line number="59" hits="1"/>
						<line number="60" hits="1"/>
						<line number="63" hits="1"/>
						<line number="64" hits="1"/>
						<line number="65" hits="1"/>
						<line number="66" hits="1"/>
						<line number="67" hits="1"/>
						<line number="70" hits="1"/>
						<line number="71" hits="1"/>
						<line number="72" hits="1"/>
						<line number="73" hits="1"/>
						<line number="74" hits="1"/>
						<line number="77" hits="1"/>
						<line number="78" hits="1"/>
						<line number="79" hits="1"/>
						<line number="80" hits="1"/>
						<line number="81" hits="1"/>
						<line number="84" hits="1"/>
						<line number="85" hits="1"/>
						<line number="86" hits="1"/>
						<line number="87" hits="1"/>
						<line number="93" hits="1"/>
						<line number="103" hits="1"/>
						<line number="106" hits="1"/>
						<line number="107" hits="1"/>
						<line number="108" hits="1"/>
						<line number="109" hits="1"/>
						<line number="116" hits="1"/>
						<line number="126" hits="1"/>
						<line number="129" hits="1"/>
						<line number="130" hits="1"/>
						<line number="131" hits="1"/>
						<line number="132" hits="1"/>
						<line number="133" hits="1"/>
						<line number="134" hits="1"/>
						<line number="135" hits="1"/>
						<line number="136" hits="1"/>
					</lines>
				</class>
				<class name="test_server_error_branches.py" filename="tests/unit/test_server_error_branches.py" complexity="0" line-rate="1" branch-rate="1">
					<methods/>
					<lines>
						<line number="1" hits="1"/>
						<line number="2" hits="1"/>
						<line number="5" hits="1"/>
						<line number="6" hits="1"/>
						<line number="8" hits="1"/>
						<line number="9" hits="1"/>
						<line number="12" hits="1"/>
						<line number="13" hits="1"/>
						<line number="14" hits="1"/>
						<line number="15" hits="1"/>
						<line number="18" hits="1"/>
						<line number="19" hits="1"/>
						<line number="20" hits="1"/>
						<line number="21" hits="1"/>
						<line number="24" hits="1"/>
						<line number="25" hits="1"/>
						<line number="27" hits="1"/>
						<line number="28" hits="1"/>
						<line number="31" hits="1"/>
						<line number="32" hits="1"/>
						<line number="34" hits="1"/>
						<line number="35" hits="1"/>
						<line number="37" hits="1"/>
						<line number="38" hits="1"/>
					</lines>
				</class>
				<class name="test_server_error_responses.py" filename="tests/unit/test_server_error_responses.py" complexity="0" line-rate="0.9018" branch-rate="1">
					<methods/>
					<lines>
						<line number="1" hits="1"/>
						<line number="2" hits="1"/>
						<line number="5" hits="1"/>
						<line number="6" hits="1"/>
						<line number="8" hits="1"/>
						<line number="9" hits="1"/>
						<line number="10" hits="1"/>
						<line number="12" hits="1"/>
						<line number="13" hits="0"/>
						<line number="14" hits="1"/>
						<line number="15" hits="1"/>
						<line number="16" hits="1"/>
						<line number="19" hits="1"/>
						<line number="20" hits="1"/>
						<line number="22" hits="1"/>
						<line number="23" hits="1"/>
						<line number="24" hits="1"/>
						<line number="26" hits="1"/>
						<line number="27" hits="0"/>
						<line number="28" hits="1"/>
						<line number="30" hits="1"/>
						<line number="31" hits="1"/>
						<line number="34" hits="1"/>
						<line number="35" hits="1"/>
						<line number="37" hits="1"/>
						<line number="38" hits="1"/>
						<line number="39" hits="1"/>
						<line number="41" hits="1"/>
						<line number="42" hits="0"/>
						<line number="43" hits="1"/>
						<line number="44" hits="1"/>
						<line number="45" hits="1"/>
						<line number="48" hits="1"/>
						<line number="49" hits="1"/>
						<line number="51" hits="1"/>
						<line number="52" hits="1"/>
						<line number="53" hits="1"/>
						<line number="55" hits="1"/>
						<line number="56" hits="0"/>
						<line number="57" hits="1"/>
						<line number="58" hits="1"/>
						<line number="59" hits="1"/>
						<line number="62" hits="1"/>
						<line number="63" hits="1"/>
						<line number="65" hits="1"/>
						<line number="66" hits="1"/>
						<line number="67" hits="1"/>
						<line number="69" hits="1"/>
						<line number="70" hits="0"/>
						<line number="71" hits="1"/>
						<line number="72" hits="1"/>
						<line number="73" hits="1"/>
						<line number="76" hits="1"/>
						<line number="77" hits="1"/>
						<line number="79" hits="1"/>
						<line number="80" hits="1"/>
						<line number="81" hits="1"/>
						<line number="83" hits="1"/>
						<line number="84" hits="0"/>
						<line number="85" hits="1"/>
						<line number="86" hits="1"/>
						<line number="87" hits="1"/>
						<line number="90" hits="1"/>
						<line number="91" hits="1"/>
						<line number="93" hits="1"/>
						<line number="94" hits="1"/>
						<line number="95" hits="1"/>
						<line number="97" hits="1"/>
						<line number="98" hits="0"/>
						<line number="99" hits="1"/>
						<line number="100" hits="1"/>
						<line number="101" hits="1"/>
						<line number="104" hits="1"/>
						<line number="105" hits="1"/>
						<line number="107" hits="1"/>
						<line number="108" hits="1"/>
						<line number="109" hits="1"/>
						<line number="111" hits="1"/>
						<line number="112" hits="0"/>
						<line number="113" hits="1"/>
						<line number="114" hits="1"/>
						<line number="115" hits="1"/>
						<line number="118" hits="1"/>
						<line number="119" hits="1"/>
						<line number="121" hits="1"/>
						<line number="122" hits="1"/>
						<line number="123" hits="1"/>
						<line number="125" hits="1"/>
						<line number="126" hits="0"/>
						<line number="127" hits="1"/>
						<line number="128" hits="1"/>
						<line number="129" hits="1"/>
						<line number="132" hits="1"/>
						<line number="133" hits="1"/>
						<line number="135" hits="1"/>
						<line number="136" hits="1"/>
						<line number="137" hits="1"/>
						<line number="139" hits="1"/>
						<line number="140" hits="0"/>
						<line number="141" hits="1"/>
						<line number="142" hits="1"/>
						<line number="143" hits="1"/>
						<line number="146" hits="1"/>
						<line number="147" hits="1"/>
						<line number="149" hits="1"/>
						<line number="150" hits="1"/>
						<line number="151" hits="1"/>
						<line number="153" hits="1"/>
						<line number="154" hits="0"/>
						<line number="155" hits="1"/>
						<line number="156" hits="1"/>
						<line number="157" hits="1"/>
					</lines>
				</class>
				<class name="test_server_get_part.py" filename="tests/unit/test_server_get_part.py" complexity="0" line-rate="1" branch-rate="1">
					<methods/>
					<lines>
						<line number="1" hits="1"/>
						<line number="2" hits="1"/>
						<line number="3" hits="1"/>
						<line number="6" hits="1"/>
						<line number="7" hits="1"/>
						<line number="8" hits="1"/>
						<line number="11" hits="1"/>
						<line number="12" hits="1"/>
						<line number="13" hits="1"/>
						<line number="14" hits="1"/>
						<line number="20" hits="1"/>
						<line number="24" hits="1"/>
						<line number="27" hits="1"/>
						<line number="28" hits="1"/>
						<line number="29" hits="1"/>
						<line number="30" hits="1"/>
						<line number="36" hits="1"/>
						<line number="40" hits="1"/>
						<line number="43" hits="1"/>
						<line number="44" hits="1"/>
						<line number="45" hits="1"/>
						<line number="46" hits="1"/>
						<line number="47" hits="1"/>
						<line number="50" hits="1"/>
						<line number="51" hits="1"/>
						<line number="52" hits="1"/>
						<line number="53" hits="1"/>
						<line number="54" hits="1"/>
					</lines>
				</class>
				<class name="test_server_get_sprints_and_subtypes.py" filename="tests/unit/test_server_get_sprints_and_subtypes.py" complexity="0" line-rate="0.9091" branch-rate="1">
					<methods/>
					<lines>
						<line number="1" hits="1"/>
						<line number="2" hits="1"/>
						<line number="5" hits="1"/>
						<line number="6" hits="1"/>
						<line number="8" hits="1"/>
						<line number="9" hits="1"/>
						<line number="10" hits="1"/>
						<line number="12" hits="1"/>
						<line number="13" hits="0"/>
						<line number="14" hits="1"/>
						<line number="15" hits="1"/>
						<line number="16" hits="1"/>
						<line number="19" hits="1"/>
						<line number="20" hits="1"/>
						<line number="22" hits="1"/>
						<line number="23" hits="1"/>
						<line number="24" hits="1"/>
						<line number="26" hits="1"/>
						<line number="27" hits="0"/>
						<line number="28" hits="1"/>
						<line number="29" hits="1"/>
						<line number="30" hits="1"/>
					</lines>
				</class>
				<class name="test_server_get_sprints_state_default.py" filename="tests/unit/test_server_get_sprints_state_default.py" complexity="0" line-rate="1" branch-rate="1">
					<methods/>
					<lines>
						<line number="1" hits="1"/>
						<line number="2" hits="1"/>
						<line number="5" hits="1"/>
						<line number="6" hits="1"/>
						<line number="8" hits="1"/>
						<line number="9" hits="1"/>
						<line number="11" hits="1"/>
						<line number="12" hits="1"/>
						<line number="13" hits="1"/>
						<line number="14" hits="1"/>
						<line number="15" hits="1"/>
						<line number="16" hits="1"/>
					</lines>
				</class>
				<class name="test_server_get_work.py" filename="tests/unit/test_server_get_work.py" complexity="0" line-rate="1" branch-rate="1">
					<methods/>
					<lines>
						<line number="1" hits="1"/>
						<line number="2" hits="1"/>
						<line number="3" hits="1"/>
						<line number="6" hits="1"/>
						<line number="7" hits="1"/>
						<line number="8" hits="1"/>
						<line number="11" hits="1"/>
						<line number="12" hits="1"/>
						<line number="13" hits="1"/>
						<line number="14" hits="1"/>
						<line number="20" hits="1"/>
						<line number="24" hits="1"/>
						<line number="27" hits="1"/>
						<line number="28" hits="1"/>
						<line number="29" hits="1"/>
						<line number="30" hits="1"/>
						<line number="36" hits="1"/>
						<line number="40" hits="1"/>
						<line number="43" hits="1"/>
						<line number="44" hits="1"/>
						<line number="45" hits="1"/>
						<line number="46" hits="1"/>
						<line number="47" hits="1"/>
						<line number="50" hits="1"/>
						<line number="51" hits="1"/>
						<line number="52" hits="1"/>
						<line number="53" hits="1"/>
						<line number="54" hits="1"/>
					</lines>
				</class>
				<class name="test_server_list_meetings.py" filename="tests/unit/test_server_list_meetings.py" complexity="0" line-rate="1" branch-rate="1">
					<methods/>
					<lines>
						<line number="1" hits="1"/>
						<line number="2" hits="1"/>
						<line number="3" hits="1"/>
						<line number="6" hits="1"/>
						<line number="7" hits="1"/>
						<line number="8" hits="1"/>
						<line number="11" hits="1"/>
						<line number="12" hits="1"/>
						<line number="13" hits="1"/>
						<line number="14" hits="1"/>
						<line number="20" hits="1"/>
						<line number="24" hits="1"/>
						<line number="27" hits="1"/>
						<line number="28" hits="1"/>
						<line number="29" hits="1"/>
						<line number="30" hits="1"/>
						<line number="36" hits="1"/>
						<line number="40" hits="1"/>
						<line number="43" hits="1"/>
						<line number="44" hits="1"/>
						<line number="45" hits="1"/>
						<line number="46" hits="1"/>
						<line number="52" hits="1"/>
						<line number="56" hits="1"/>
					</lines>
				</class>
				<class name="test_server_list_meetings_and_stage_transition.py" filename="tests/unit/test_server_list_meetings_and_stage_transition.py" complexity="0" line-rate="0.9277" branch-rate="0.8125">
					<methods/>
					<lines>
						<line number="1" hits="1"/>
						<line number="2" hits="1"/>
						<line number="5" hits="1"/>
						<line number="6" hits="1"/>
						<line number="8" hits="1"/>
						<line number="9" hits="1"/>
						<line number="10" hits="1"/>
						<line number="12" hits="1"/>
						<line number="13" hits="0"/>
						<line number="14" hits="1"/>
						<line number="15" hits="1"/>
						<line number="16" hits="1"/>
						<line number="19" hits="1"/>
						<line number="20" hits="1"/>
						<line number="22" hits="1"/>
						<line number="23" hits="1" branch="true" condition-coverage="100% (2/2)"/>
						<line number="24" hits="1"/>
						<line number="25" hits="1"/>
						<line number="27" hits="1"/>
						<line number="28" hits="1"/>
						<line number="29" hits="1"/>
						<line number="30" hits="1" branch="true" condition-coverage="50% (1/2)" missing-branches="38"/>
						<line number="31" hits="1"/>
						<line number="32" hits="1"/>
						<line number="33" hits="1"/>
						<line number="35" hits="1"/>
						<line number="36" hits="0"/>
						<line number="37" hits="1"/>
						<line number="38" hits="0"/>
						<line number="39" hits="1"/>
						<line number="41" hits="1"/>
						<line number="42" hits="1"/>
						<line number="45" hits="1"/>
						<line number="46" hits="1"/>
						<line number="48" hits="1"/>
						<line number="49" hits="1" branch="true" condition-coverage="100% (2/2)"/>
						<line number="50" hits="1"/>
						<line number="51" hits="1"/>
						<line number="53" hits="1"/>
						<line number="54" hits="1"/>
						<line number="55" hits="1"/>
						<line number="56" hits="1" branch="true" condition-coverage="100% (2/2)"/>
						<line number="57" hits="1"/>
						<line number="58" hits="1"/>
						<line number="60" hits="1"/>
						<line number="61" hits="1"/>
						<line number="62" hits="1"/>
						<line number="63" hits="1" branch="true" condition-coverage="50% (1/2)" missing-branches="71"/>
						<line number="64" hits="1"/>
						<line number="65" hits="1"/>
						<line number="66" hits="1"/>
						<line number="68" hits="1"/>
						<line number="69" hits="0"/>
						<line number="70" hits="1"/>
						<line number="71" hits="0"/>
						<line number="72" hits="1"/>
						<line number="74" hits="1"/>
						<line number="75" hits="1"/>
						<line number="79" hits="1"/>
						<line number="80" hits="1"/>
						<line number="82" hits="1"/>
						<line number="83" hits="1" branch="true" condition-coverage="100% (2/2)"/>
						<line number="84" hits="1"/>
						<line number="85" hits="1"/>
						<line number="87" hits="1"/>
						<line number="88" hits="1"/>
						<line number="89" hits="1"/>
						<line number="90" hits="1" branch="true" condition-coverage="100% (2/2)"/>
						<line number="91" hits="1"/>
						<line number="92" hits="1"/>
						<line number="94" hits="1"/>
						<line number="95" hits="1"/>
						<line number="96" hits="1"/>
						<line number="97" hits="1" branch="true" condition-coverage="50% (1/2)" missing-branches="104"/>
						<line number="98" hits="1"/>
						<line number="99" hits="1"/>
						<line number="101" hits="1"/>
						<line number="102" hits="1"/>
						<line number="103" hits="1"/>
						<line number="104" hits="0"/>
						<line number="105" hits="1"/>
						<line number="107" hits="1"/>
						<line number="108" hits="1"/>
					</lines>
				</class>
				<class name="test_server_list_meetings_payload.py" filename="tests/unit/test_server_list_meetings_payload.py" complexity="0" line-rate="1" branch-rate="1">
					<methods/>
					<lines>
						<line number="1" hits="1"/>
						<line number="2" hits="1"/>
						<line number="5" hits="1"/>
						<line number="6" hits="1"/>
						<line number="8" hits="1"/>
						<line number="9" hits="1"/>
						<line number="11" hits="1"/>
						<line number="12" hits="1"/>
						<line number="13" hits="1"/>
						<line number="14" hits="1"/>
						<line number="29" hits="1"/>
						<line number="30" hits="1"/>
					</lines>
				</class>
				<class name="test_server_list_parts.py" filename="tests/unit/test_server_list_parts.py" complexity="0" line-rate="1" branch-rate="1">
					<methods/>
					<lines>
						<line number="1" hits="1"/>
						<line number="2" hits="1"/>
						<line number="3" hits="1"/>
						<line number="6" hits="1"/>
						<line number="7" hits="1"/>
						<line number="8" hits="1"/>
						<line number="11" hits="1"/>
						<line number="12" hits="1"/>
						<line number="13" hits="1"/>
						<line number="14" hits="1"/>
						<line number="20" hits="1"/>
						<line number="24" hits="1"/>
						<line number="27" hits="1"/>
						<line number="28" hits="1"/>
						<line number="29" hits="1"/>
						<line number="30" hits="1"/>
						<line number="36" hits="1"/>
						<line number="40" hits="1"/>
						<line number="43" hits="1"/>
						<line number="44" hits="1"/>
						<line number="45" hits="1"/>
						<line number="46" hits="1"/>
						<line number="47" hits="1"/>
					</lines>
				</class>
				<class name="test_server_list_works.py" filename="tests/unit/test_server_list_works.py" complexity="0" line-rate="1" branch-rate="1">
					<methods/>
					<lines>
						<line number="1" hits="1"/>
						<line number="2" hits="1"/>
						<line number="3" hits="1"/>
						<line number="6" hits="1"/>
						<line number="7" hits="1"/>
						<line number="8" hits="1"/>
						<line number="11" hits="1"/>
						<line number="12" hits="1"/>
						<line number="13" hits="1"/>
						<line number="14" hits="1"/>
						<line number="20" hits="1"/>
						<line number="24" hits="1"/>
						<line number="27" hits="1"/>
						<line number="28" hits="1"/>
						<line number="29" hits="1"/>
						<line number="30" hits="1"/>
						<line number="36" hits="1"/>
						<line number="40" hits="1"/>
						<line number="43" hits="1"/>
						<line number="44" hits="1"/>
						<line number="45" hits="1"/>
						<line number="46" hits="1"/>
						<line number="47" hits="1"/>
					</lines>
				</class>
				<class name="test_server_main_entry.py" filename="tests/unit/test_server_main_entry.py" complexity="0" line-rate="1" branch-rate="1">
					<methods/>
					<lines>
						<line number="1" hits="1"/>
						<line number="2" hits="1"/>
						<line number="5" hits="1"/>
						<line number="6" hits="1"/>
						<line number="8" hits="1"/>
						<line number="9" hits="1"/>
						<line number="10" hits="1"/>
						<line number="12" hits="1"/>
						<line number="13" hits="1"/>
						<line number="15" hits="1"/>
						<line number="16" hits="1"/>
						<line number="17" hits="1"/>
						<line number="19" hits="1"/>
						<line number="20" hits="1"/>
					</lines>
				</class>
				<class name="test_server_payload_branches.py" filename="tests/unit/test_server_payload_branches.py" complexity="0" line-rate="1" branch-rate="1">
					<methods/>
					<lines>
						<line number="1" hits="1"/>
						<line number="2" hits="1"/>
						<line number="5" hits="1"/>
						<line number="6" hits="1"/>
						<line number="8" hits="1"/>
						<line number="9" hits="1"/>
						<line number="11" hits="1"/>
						<line number="12" hits="1"/>
						<line number="13" hits="1"/>
						<line number="14" hits="1"/>
						<line number="35" hits="1"/>
						<line number="36" hits="1"/>
						<line number="39" hits="1"/>
						<line number="40" hits="1"/>
						<line number="42" hits="1"/>
						<line number="43" hits="1"/>
						<line number="45" hits="1"/>
						<line number="46" hits="1"/>
						<line number="47" hits="1"/>
						<line number="48" hits="1"/>
						<line number="62" hits="1"/>
						<line number="63" hits="1"/>
					</lines>
				</class>
				<class name="test_server_update_part.py" filename="tests/unit/test_server_update_part.py" complexity="0" line-rate="1" branch-rate="1">
					<methods/>
					<lines>
						<line number="1" hits="1"/>
						<line number="2" hits="1"/>
						<line number="3" hits="1"/>
						<line number="6" hits="1"/>
						<line number="7" hits="1"/>
						<line number="8" hits="1"/>
						<line number="11" hits="1"/>
						<line number="12" hits="1"/>
						<line number="13" hits="1"/>
						<line number="14" hits="1"/>
						<line number="20" hits="1"/>
						<line number="30" hits="1"/>
						<line number="33" hits="1"/>
						<line number="34" hits="1"/>
						<line number="35" hits="1"/>
						<line number="36" hits="1"/>
						<line number="42" hits="1"/>
						<line number="49" hits="1"/>
						<line number="52" hits="1"/>
						<line number="53" hits="1"/>
						<line number="54" hits="1"/>
						<line number="55" hits="1"/>
						<line number="56" hits="1"/>
						<line number="59" hits="1"/>
						<line number="60" hits="1"/>
						<line number="61" hits="1"/>
						<line number="62" hits="1"/>
						<line number="63" hits="1"/>
						<line number="66" hits="1"/>
						<line number="67" hits="1"/>
						<line number="68" hits="1"/>
						<line number="69" hits="1"/>
						<line number="70" hits="1"/>
					</lines>
				</class>
				<class name="test_server_update_part_payload.py" filename="tests/unit/test_server_update_part_payload.py" complexity="0" line-rate="0.9167" branch-rate="1">
					<methods/>
					<lines>
						<line number="1" hits="1"/>
						<line number="2" hits="1"/>
						<line number="5" hits="1"/>
						<line number="6" hits="1"/>
						<line number="8" hits="1"/>
						<line number="9" hits="1"/>
						<line number="11" hits="1"/>
						<line number="12" hits="0"/>
						<line number="13" hits="1"/>
						<line number="14" hits="1"/>
						<line number="24" hits="1"/>
						<line number="25" hits="1"/>
					</lines>
				</class>
				<class name="test_server_update_stage_subtype.py" filename="tests/unit/test_server_update_stage_subtype.py" complexity="0" line-rate="0.8947" branch-rate="1">
					<methods/>
					<lines>
						<line number="1" hits="1"/>
						<line number="2" hits="1"/>
						<line number="5" hits="1"/>
						<line number="6" hits="1"/>
						<line number="8" hits="1"/>
						<line number="9" hits="1"/>
						<line number="11" hits="1"/>
						<line number="12" hits="0"/>
						<line number="13" hits="1"/>
						<line number="14" hits="1"/>
						<line number="17" hits="1"/>
						<line number="20" hits="1"/>
						<line number="21" hits="1"/>
						<line number="23" hits="1"/>
						<line number="24" hits="1"/>
						<line number="26" hits="1"/>
						<line number="27" hits="0"/>
						<line number="28" hits="1"/>
						<line number="29" hits="1"/>
						<line number="32" hits="1"/>
						<line number="35" hits="1"/>
						<line number="36" hits="1"/>
						<line number="38" hits="1"/>
						<line number="39" hits="1"/>
						<line number="41" hits="1"/>
						<line number="42" hits="0"/>
						<line number="43" hits="1"/>
						<line number="44" hits="1"/>
						<line number="47" hits="1"/>
						<line number="50" hits="1"/>
						<line number="51" hits="1"/>
						<line number="53" hits="1"/>
						<line number="54" hits="1"/>
						<line number="56" hits="1"/>
						<line number="57" hits="0"/>
						<line number="58" hits="1"/>
						<line number="59" hits="1"/>
						<line number="62" hits="1"/>
					</lines>
				</class>
				<class name="test_server_update_work.py" filename="tests/unit/test_server_update_work.py" complexity="0" line-rate="1" branch-rate="1">
					<methods/>
					<lines>
						<line number="1" hits="1"/>
						<line number="2" hits="1"/>
						<line number="3" hits="1"/>
						<line number="6" hits="1"/>
						<line number="7" hits="1"/>
						<line number="8" hits="1"/>
						<line number="11" hits="1"/>
						<line number="12" hits="1"/>
						<line number="13" hits="1"/>
						<line number="14" hits="1"/>
						<line number="20" hits="1"/>
						<line number="32" hits="1"/>
						<line number="35" hits="1"/>
						<line number="36" hits="1"/>
						<line number="37" hits="1"/>
						<line number="38" hits="1"/>
						<line number="44" hits="1"/>
						<line number="51" hits="1"/>
						<line number="54" hits="1"/>
						<line number="55" hits="1"/>
						<line number="56" hits="1"/>
						<line number="57" hits="1"/>
						<line number="58" hits="1"/>
						<line number="61" hits="1"/>
						<line number="62" hits="1"/>
						<line number="63" hits="1"/>
						<line number="64" hits="1"/>
						<line number="65" hits="1"/>
						<line number="68" hits="1"/>
						<line number="69" hits="1"/>
						<line number="70" hits="1"/>
						<line number="71" hits="1"/>
						<line number="72" hits="1"/>
						<line number="75" hits="1"/>
						<line number="76" hits="1"/>
						<line number="77" hits="1"/>
						<line number="78" hits="1"/>
						<line number="84" hits="1"/>
						<line number="91" hits="1"/>
						<line number="94" hits="1"/>
						<line number="95" hits="1"/>
						<line number="96" hits="1"/>
						<line number="97" hits="1"/>
						<line number="103" hits="1"/>
						<line number="110" hits="1"/>
					</lines>
				</class>
				<class name="test_server_update_work_payload.py" filename="tests/unit/test_server_update_work_payload.py" complexity="0" line-rate="0.9091" branch-rate="1">
					<methods/>
					<lines>
						<line number="1" hits="1"/>
						<line number="2" hits="1"/>
						<line number="5" hits="1"/>
						<line number="6" hits="1"/>
						<line number="8" hits="1"/>
						<line number="9" hits="1"/>
						<line number="11" hits="1"/>
						<line number="12" hits="0"/>
						<line number="13" hits="1"/>
						<line number="14" hits="1"/>
						<line number="26" hits="1"/>
						<line number="27" hits="1"/>
						<line number="30" hits="1"/>
						<line number="31" hits="1"/>
						<line number="33" hits="1"/>
						<line number="34" hits="1"/>
						<line number="36" hits="1"/>
						<line number="37" hits="0"/>
						<line number="38" hits="1"/>
						<line number="39" hits="1"/>
						<line number="44" hits="1"/>
						<line number="45" hits="1"/>
					</lines>
				</class>
				<class name="test_server_valid_stage_transition.py" filename="tests/unit/test_server_valid_stage_transition.py" complexity="0" line-rate="0.9643" branch-rate="0.8333">
					<methods/>
					<lines>
						<line number="1" hits="1"/>
						<line number="2" hits="1"/>
						<line number="3" hits="1"/>
						<line number="6" hits="1"/>
						<line number="7" hits="1"/>
						<line number="8" hits="1"/>
						<line number="11" hits="1"/>
						<line number="12" hits="1"/>
						<line number="13" hits="1"/>
						<line number="15" hits="1"/>
						<line number="16" hits="1" branch="true" condition-coverage="100% (2/2)"/>
						<line number="17" hits="1"/>
						<line number="18" hits="1" branch="true" condition-coverage="100% (2/2)"/>
						<line number="19" hits="1"/>
						<line number="20" hits="1" branch="true" condition-coverage="50% (1/2)" missing-branches="22"/>
						<line number="21" hits="1"/>
						<line number="22" hits="0"/>
						<line number="23" hits="1"/>
						<line number="25" hits="1"/>
						<line number="29" hits="1"/>
						<line number="32" hits="1"/>
						<line number="33" hits="1"/>
						<line number="34" hits="1"/>
						<line number="35" hits="1"/>
						<line number="36" hits="1"/>
						<line number="41" hits="1"/>
						<line number="43" hits="1"/>
						<line number="47" hits="1"/>
					</lines>
				</class>
				<class name="test_utils.py" filename="tests/unit/test_utils.py" complexity="0" line-rate="1" branch-rate="1">
					<methods/>
					<lines>
						<line number="1" hits="1"/>
						<line number="2" hits="1"/>
						<line number="3" hits="1"/>
						<line number="4" hits="1"/>
						<line number="5" hits="1"/>
						<line number="8" hits="1"/>
						<line number="9" hits="1"/>
						<line number="10" hits="1"/>
						<line number="13" hits="1"/>
						<line number="14" hits="1"/>
						<line number="15" hits="1"/>
						<line number="18" hits="1"/>
						<line number="19" hits="1"/>
						<line number="20" hits="1"/>
						<line number="26" hits="1"/>
						<line number="27" hits="1"/>
						<line number="28" hits="1"/>
						<line number="31" hits="1"/>
						<line number="32" hits="1"/>
						<line number="33" hits="1"/>
						<line number="36" hits="1"/>
						<line number="37" hits="1"/>
						<line number="38" hits="1"/>
						<line number="44" hits="1"/>
						<line number="45" hits="1"/>
						<line number="46" hits="1"/>
						<line number="49" hits="1"/>
						<line number="50" hits="1"/>
						<line number="51" hits="1"/>
						<line number="57" hits="1"/>
						<line number="58" hits="1"/>
						<line number="59" hits="1"/>
					</lines>
				</class>
				<class name="test_utils_import.py" filename="tests/unit/test_utils_import.py" complexity="0" line-rate="1" branch-rate="1">
					<methods/>
					<lines>
						<line number="1" hits="1"/>
						<line number="3" hits="1"/>
						<line number="4" hits="1"/>
						<line number="5" hits="1"/>
					</lines>
				</class>
			</classes>
		</package>
	</packages>
</coverage>
